0 info it worked if it ends with ok
1 verbose cli [ 'node', '/usr/local/bin/npm', 'link', '.' ]
2 info using npm@2.7.6
3 info using node@v0.10.32
4 verbose linkPkg /Users/muhammedfatih/Desktop/RapydScript
5 silly gentlyRm /usr/local/lib/node_modules/rpitu is being purged
6 verbose gentlyRm don't care about contents; nuking /usr/local/lib/node_modules/rpitu
7 silly vacuum-fs purging /usr/local/lib/node_modules/rpitu
8 verbose stack Error: EACCES, unlink '/usr/local/lib/node_modules/rpitu'
9 verbose cwd /Users/muhammedfatih/Desktop/RapydScript
10 error Darwin 12.5.0
11 error argv "node" "/usr/local/bin/npm" "link" "."
12 error node v0.10.32
13 error npm  v2.7.6
14 error path /usr/local/lib/node_modules/rpitu
15 error code EACCES
16 error errno 3
17 error Error: EACCES, unlink '/usr/local/lib/node_modules/rpitu'
17 error  { [Error: EACCES, unlink '/usr/local/lib/node_modules/rpitu']
17 error   errno: 3,
17 error   code: 'EACCES',
17 error   path: '/usr/local/lib/node_modules/rpitu' }
18 error Please try running this command again as root/Administrator.
19 verbose exit [ 3, true ]
